2025-09-30 20:17:45,809 INFO o.a.j.u.JMeterUtils: Setting Locale to en_EN
2025-09-30 20:17:45,822 INFO o.a.j.JMeter: Loading user properties from: /opt/jmeter/bin/user.properties
2025-09-30 20:17:45,823 INFO o.a.j.JMeter: Loading system properties from: /opt/jmeter/bin/system.properties
2025-09-30 20:17:45,827 INFO o.a.j.JMeter: Copyright (c) 1998-2024 The Apache Software Foundation
2025-09-30 20:17:45,827 INFO o.a.j.JMeter: Version 5.6.3
2025-09-30 20:17:45,827 INFO o.a.j.JMeter: java.version=17.0.16
2025-09-30 20:17:45,827 INFO o.a.j.JMeter: java.vm.name=OpenJDK 64-Bit Server VM
2025-09-30 20:17:45,827 INFO o.a.j.JMeter: os.name=Linux
2025-09-30 20:17:45,827 INFO o.a.j.JMeter: os.arch=amd64
2025-09-30 20:17:45,827 INFO o.a.j.JMeter: os.version=6.14.0-32-generic
2025-09-30 20:17:45,827 INFO o.a.j.JMeter: file.encoding=UTF-8
2025-09-30 20:17:45,827 INFO o.a.j.JMeter: java.awt.headless=null
2025-09-30 20:17:45,827 INFO o.a.j.JMeter: Max memory     =1073741824
2025-09-30 20:17:45,827 INFO o.a.j.JMeter: Available Processors =12
2025-09-30 20:17:45,833 INFO o.a.j.JMeter: Default Locale=English (EN)
2025-09-30 20:17:45,834 INFO o.a.j.JMeter: JMeter  Locale=English (EN)
2025-09-30 20:17:45,834 INFO o.a.j.JMeter: JMeterHome=/opt/jmeter
2025-09-30 20:17:45,834 INFO o.a.j.JMeter: user.dir  =/home/swap/SSI_Metaverse/vr-web-wallet
2025-09-30 20:17:45,834 INFO o.a.j.JMeter: PWD       =/home/swap/SSI_Metaverse/vr-web-wallet
2025-09-30 20:17:45,834 INFO o.a.j.JMeter: IP: 127.0.1.1 Name: swap FullName: swap
2025-09-30 20:17:45,842 INFO o.a.j.JMeter: Loaded icon properties from org/apache/jmeter/images/icon.properties
2025-09-30 20:17:45,967 INFO o.a.j.JMeterGuiLauncher: Setting LAF to: com.github.weisj.darklaf.DarkLaf:com.github.weisj.darklaf.theme.DarculaTheme
