
> vr-web-wallet@1.0.0 dev
> next dev -p 3001

 ⨯ Failed to start server
Error: listen EADDRINUSE: address already in use :::3001
    at Server.setupListenHandle [as _listen2] (node:net:1908:16)
    at listenInCluster (node:net:1965:12)
    at Server.listen (node:net:2067:7)
    at /home/swap/SSI_Metaverse/vr-web-wallet/node_modules/next/dist/server/lib/start-server.js:280:16
    at new Promise (<anonymous>)
    at startServer (/home/swap/SSI_Metaverse/vr-web-wallet/node_modules/next/dist/server/lib/start-server.js:191:11)
    at /home/swap/SSI_Metaverse/vr-web-wallet/node_modules/next/dist/server/lib/start-server.js:310:52
    at Span.traceAsyncFn (/home/swap/SSI_Metaverse/vr-web-wallet/node_modules/next/dist/trace/trace.js:154:26)
    at process.<anonymous> (/home/swap/SSI_Metaverse/vr-web-wallet/node_modules/next/dist/server/lib/start-server.js:310:35)
    at process.emit (node:events:524:28) {
  code: 'EADDRINUSE',
  errno: -98,
  syscall: 'listen',
  address: '::',
  port: 3001
}
[?25h
